<?xml version="1.0" encoding="UTF-8"?>
<!-- Generated by org.testng.reporters.JUnitReportReporter -->
<testsuite hostname="ApurvaNaik42" failures="0" tests="3" name="org.example.StandAloneTest" time="36.716" errors="0" timestamp="2023-02-03T00:20:44 IST" skipped="0">
  <testcase classname="org.example.StandAloneTest" name="addToCartTest" time="7.435"/>
  <system-out/>
  <testcase classname="org.example.StandAloneTest" name="addToCartTest" time="9.403"/>
  <system-out/>
  <testcase classname="org.example.StandAloneTest" name="verifyOrderPlacedTest" time="19.878"/>
  <system-out/>
</testsuite> <!-- org.example.StandAloneTest -->
